{"C:\\Users\\Ajay\\Desktop\\Course Material\\projects\\multi-vendor-order-management\\server.js": {"path":"C:\\Users\\Ajay\\Desktop\\Course Material\\projects\\multi-vendor-order-management\\server.js","statementMap":{"0":{"start":{"line":1,"column":16},"end":{"line":1,"column":34}},"1":{"start":{"line":2,"column":15},"end":{"line":2,"column":32}},"2":{"start":{"line":3,"column":18},"end":{"line":3,"column":40}},"3":{"start":{"line":4,"column":21},"end":{"line":4,"column":52}},"4":{"start":{"line":6,"column":0},"end":{"line":6,"column":16}},"5":{"start":{"line":7,"column":0},"end":{"line":7,"column":12}},"6":{"start":{"line":9,"column":12},"end":{"line":9,"column":21}},"7":{"start":{"line":10,"column":0},"end":{"line":10,"column":24}},"8":{"start":{"line":12,"column":0},"end":{"line":12,"column":22}},"9":{"start":{"line":13,"column":0},"end":{"line":13,"column":53}},"10":{"start":{"line":14,"column":0},"end":{"line":14,"column":60}},"11":{"start":{"line":15,"column":0},"end":{"line":15,"column":56}},"12":{"start":{"line":16,"column":0},"end":{"line":16,"column":63}},"13":{"start":{"line":18,"column":13},"end":{"line":18,"column":37}},"14":{"start":{"line":19,"column":0},"end":{"line":19,"column":73}},"15":{"start":{"line":19,"column":23},"end":{"line":19,"column":71}}},"fnMap":{"0":{"name":"(anonymous_0)","decl":{"start":{"line":19,"column":17},"end":{"line":19,"column":18}},"loc":{"start":{"line":19,"column":23},"end":{"line":19,"column":71}},"line":19}},"branchMap":{"0":{"loc":{"start":{"line":18,"column":13},"end":{"line":18,"column":37}},"type":"binary-expr","locations":[{"start":{"line":18,"column":13},"end":{"line":18,"column":29}},{"start":{"line":18,"column":33},"end":{"line":18,"column":37}}],"line":18}},"s":{"0":1,"1":1,"2":1,"3":1,"4":1,"5":1,"6":1,"7":1,"8":1,"9":1,"10":1,"11":1,"12":1,"13":1,"14":1,"15":1},"f":{"0":1},"b":{"0":[1,0]},"_coverageSchema":"1a1c01bbd47fc00a2c39e90264f33305004495a9","hash":"dff2ae7ae2227c773f745aee954b87527e103a12"}
,"C:\\Users\\Ajay\\Desktop\\Course Material\\projects\\multi-vendor-order-management\\config\\db.js": {"path":"C:\\Users\\Ajay\\Desktop\\Course Material\\projects\\multi-vendor-order-management\\config\\db.js","statementMap":{"0":{"start":{"line":1,"column":17},"end":{"line":1,"column":36}},"1":{"start":{"line":2,"column":0},"end":{"line":2,"column":27}},"2":{"start":{"line":4,"column":18},"end":{"line":15,"column":1}},"3":{"start":{"line":5,"column":2},"end":{"line":14,"column":3}},"4":{"start":{"line":6,"column":4},"end":{"line":9,"column":7}},"5":{"start":{"line":10,"column":4},"end":{"line":10,"column":37}},"6":{"start":{"line":12,"column":4},"end":{"line":12,"column":54}},"7":{"start":{"line":13,"column":4},"end":{"line":13,"column":20}},"8":{"start":{"line":17,"column":0},"end":{"line":17,"column":27}}},"fnMap":{"0":{"name":"(anonymous_0)","decl":{"start":{"line":4,"column":18},"end":{"line":4,"column":19}},"loc":{"start":{"line":4,"column":30},"end":{"line":15,"column":1}},"line":4}},"branchMap":{},"s":{"0":1,"1":1,"2":1,"3":1,"4":1,"5":1,"6":0,"7":0,"8":1},"f":{"0":1},"b":{},"_coverageSchema":"1a1c01bbd47fc00a2c39e90264f33305004495a9","hash":"3179e13353767a3c972d9b1a5898088156c6f0b2"}
,"C:\\Users\\Ajay\\Desktop\\Course Material\\projects\\multi-vendor-order-management\\controllers\\analyticsController.js": {"path":"C:\\Users\\Ajay\\Desktop\\Course Material\\projects\\multi-vendor-order-management\\controllers\\analyticsController.js","statementMap":{"0":{"start":{"line":1,"column":14},"end":{"line":1,"column":40}},"1":{"start":{"line":2,"column":16},"end":{"line":2,"column":44}},"2":{"start":{"line":3,"column":17},"end":{"line":3,"column":36}},"3":{"start":{"line":6,"column":0},"end":{"line":29,"column":2}},"4":{"start":{"line":7,"column":2},"end":{"line":28,"column":3}},"5":{"start":{"line":8,"column":20},"end":{"line":23,"column":6}},"6":{"start":{"line":25,"column":4},"end":{"line":25,"column":22}},"7":{"start":{"line":27,"column":4},"end":{"line":27,"column":76}},"8":{"start":{"line":32,"column":0},"end":{"line":66,"column":2}},"9":{"start":{"line":33,"column":2},"end":{"line":65,"column":3}},"10":{"start":{"line":34,"column":24},"end":{"line":60,"column":6}},"11":{"start":{"line":62,"column":4},"end":{"line":62,"column":26}},"12":{"start":{"line":64,"column":4},"end":{"line":64,"column":76}},"13":{"start":{"line":69,"column":0},"end":{"line":94,"column":2}},"14":{"start":{"line":70,"column":2},"end":{"line":93,"column":3}},"15":{"start":{"line":71,"column":19},"end":{"line":88,"column":6}},"16":{"start":{"line":90,"column":4},"end":{"line":90,"column":52}},"17":{"start":{"line":92,"column":4},"end":{"line":92,"column":76}},"18":{"start":{"line":97,"column":0},"end":{"line":123,"column":2}},"19":{"start":{"line":98,"column":2},"end":{"line":122,"column":3}},"20":{"start":{"line":99,"column":4},"end":{"line":99,"column":94}},"21":{"start":{"line":99,"column":36},"end":{"line":99,"column":94}},"22":{"start":{"line":101,"column":21},"end":{"line":101,"column":62}},"23":{"start":{"line":102,"column":18},"end":{"line":117,"column":6}},"24":{"start":{"line":119,"column":4},"end":{"line":119,"column":20}},"25":{"start":{"line":121,"column":4},"end":{"line":121,"column":76}},"26":{"start":{"line":126,"column":0},"end":{"line":139,"column":2}},"27":{"start":{"line":127,"column":2},"end":{"line":138,"column":3}},"28":{"start":{"line":128,"column":4},"end":{"line":128,"column":94}},"29":{"start":{"line":128,"column":36},"end":{"line":128,"column":94}},"30":{"start":{"line":130,"column":21},"end":{"line":133,"column":6}},"31":{"start":{"line":135,"column":4},"end":{"line":135,"column":23}},"32":{"start":{"line":137,"column":4},"end":{"line":137,"column":76}}},"fnMap":{"0":{"name":"(anonymous_0)","decl":{"start":{"line":6,"column":30},"end":{"line":6,"column":31}},"loc":{"start":{"line":6,"column":50},"end":{"line":29,"column":1}},"line":6},"1":{"name":"(anonymous_1)","decl":{"start":{"line":32,"column":25},"end":{"line":32,"column":26}},"loc":{"start":{"line":32,"column":45},"end":{"line":66,"column":1}},"line":32},"2":{"name":"(anonymous_2)","decl":{"start":{"line":69,"column":31},"end":{"line":69,"column":32}},"loc":{"start":{"line":69,"column":51},"end":{"line":94,"column":1}},"line":69},"3":{"name":"(anonymous_3)","decl":{"start":{"line":97,"column":25},"end":{"line":97,"column":26}},"loc":{"start":{"line":97,"column":45},"end":{"line":123,"column":1}},"line":97},"4":{"name":"(anonymous_4)","decl":{"start":{"line":126,"column":30},"end":{"line":126,"column":31}},"loc":{"start":{"line":126,"column":50},"end":{"line":139,"column":1}},"line":126}},"branchMap":{"0":{"loc":{"start":{"line":90,"column":13},"end":{"line":90,"column":50}},"type":"binary-expr","locations":[{"start":{"line":90,"column":13},"end":{"line":90,"column":22}},{"start":{"line":90,"column":26},"end":{"line":90,"column":50}}],"line":90},"1":{"loc":{"start":{"line":99,"column":4},"end":{"line":99,"column":94}},"type":"if","locations":[{"start":{"line":99,"column":4},"end":{"line":99,"column":94}},{"start":{},"end":{}}],"line":99},"2":{"loc":{"start":{"line":128,"column":4},"end":{"line":128,"column":94}},"type":"if","locations":[{"start":{"line":128,"column":4},"end":{"line":128,"column":94}},{"start":{},"end":{}}],"line":128}},"s":{"0":1,"1":1,"2":1,"3":1,"4":0,"5":0,"6":0,"7":0,"8":1,"9":0,"10":0,"11":0,"12":0,"13":1,"14":0,"15":0,"16":0,"17":0,"18":1,"19":0,"20":0,"21":0,"22":0,"23":0,"24":0,"25":0,"26":1,"27":0,"28":0,"29":0,"30":0,"31":0,"32":0},"f":{"0":0,"1":0,"2":0,"3":0,"4":0},"b":{"0":[0,0],"1":[0,0],"2":[0,0]},"_coverageSchema":"1a1c01bbd47fc00a2c39e90264f33305004495a9","hash":"989e62b843f161794d46a197fa22f31479c688bd"}
,"C:\\Users\\Ajay\\Desktop\\Course Material\\projects\\multi-vendor-order-management\\controllers\\authController.js": {"path":"C:\\Users\\Ajay\\Desktop\\Course Material\\projects\\multi-vendor-order-management\\controllers\\authController.js","statementMap":{"0":{"start":{"line":1,"column":13},"end":{"line":1,"column":38}},"1":{"start":{"line":2,"column":12},"end":{"line":2,"column":35}},"2":{"start":{"line":3,"column":15},"end":{"line":3,"column":32}},"3":{"start":{"line":4,"column":0},"end":{"line":4,"column":27}},"4":{"start":{"line":7,"column":22},"end":{"line":9,"column":1}},"5":{"start":{"line":8,"column":2},"end":{"line":8,"column":77}},"6":{"start":{"line":12,"column":0},"end":{"line":29,"column":2}},"7":{"start":{"line":13,"column":2},"end":{"line":28,"column":3}},"8":{"start":{"line":14,"column":44},"end":{"line":14,"column":52}},"9":{"start":{"line":16,"column":23},"end":{"line":16,"column":52}},"10":{"start":{"line":17,"column":4},"end":{"line":18,"column":70}},"11":{"start":{"line":18,"column":6},"end":{"line":18,"column":70}},"12":{"start":{"line":20,"column":17},"end":{"line":20,"column":67}},"13":{"start":{"line":22,"column":4},"end":{"line":25,"column":7}},"14":{"start":{"line":27,"column":4},"end":{"line":27,"column":76}},"15":{"start":{"line":32,"column":0},"end":{"line":48,"column":2}},"16":{"start":{"line":33,"column":2},"end":{"line":47,"column":3}},"17":{"start":{"line":34,"column":32},"end":{"line":34,"column":40}},"18":{"start":{"line":36,"column":17},"end":{"line":36,"column":46}},"19":{"start":{"line":37,"column":4},"end":{"line":37,"column":79}},"20":{"start":{"line":37,"column":15},"end":{"line":37,"column":79}},"21":{"start":{"line":40,"column":20},"end":{"line":40,"column":54}},"22":{"start":{"line":41,"column":4},"end":{"line":42,"column":70}},"23":{"start":{"line":42,"column":6},"end":{"line":42,"column":70}},"24":{"start":{"line":44,"column":4},"end":{"line":44,"column":60}},"25":{"start":{"line":46,"column":4},"end":{"line":46,"column":76}}},"fnMap":{"0":{"name":"(anonymous_0)","decl":{"start":{"line":7,"column":22},"end":{"line":7,"column":23}},"loc":{"start":{"line":7,"column":36},"end":{"line":9,"column":1}},"line":7},"1":{"name":"(anonymous_1)","decl":{"start":{"line":12,"column":19},"end":{"line":12,"column":20}},"loc":{"start":{"line":12,"column":39},"end":{"line":29,"column":1}},"line":12},"2":{"name":"(anonymous_2)","decl":{"start":{"line":32,"column":16},"end":{"line":32,"column":17}},"loc":{"start":{"line":32,"column":36},"end":{"line":48,"column":1}},"line":32}},"branchMap":{"0":{"loc":{"start":{"line":17,"column":4},"end":{"line":18,"column":70}},"type":"if","locations":[{"start":{"line":17,"column":4},"end":{"line":18,"column":70}},{"start":{},"end":{}}],"line":17},"1":{"loc":{"start":{"line":37,"column":4},"end":{"line":37,"column":79}},"type":"if","locations":[{"start":{"line":37,"column":4},"end":{"line":37,"column":79}},{"start":{},"end":{}}],"line":37},"2":{"loc":{"start":{"line":41,"column":4},"end":{"line":42,"column":70}},"type":"if","locations":[{"start":{"line":41,"column":4},"end":{"line":42,"column":70}},{"start":{},"end":{}}],"line":41}},"s":{"0":1,"1":1,"2":1,"3":1,"4":1,"5":0,"6":1,"7":0,"8":0,"9":0,"10":0,"11":0,"12":0,"13":0,"14":0,"15":1,"16":0,"17":0,"18":0,"19":0,"20":0,"21":0,"22":0,"23":0,"24":0,"25":0},"f":{"0":0,"1":0,"2":0},"b":{"0":[0,0],"1":[0,0],"2":[0,0]},"_coverageSchema":"1a1c01bbd47fc00a2c39e90264f33305004495a9","hash":"d8e44bcc95c70218185e479e268db1064c3b60af"}
,"C:\\Users\\Ajay\\Desktop\\Course Material\\projects\\multi-vendor-order-management\\controllers\\orderController.js": {"path":"C:\\Users\\Ajay\\Desktop\\Course Material\\projects\\multi-vendor-order-management\\controllers\\orderController.js","statementMap":{"0":{"start":{"line":1,"column":17},"end":{"line":1,"column":36}},"1":{"start":{"line":2,"column":14},"end":{"line":2,"column":40}},"2":{"start":{"line":3,"column":16},"end":{"line":3,"column":44}},"3":{"start":{"line":6,"column":0},"end":{"line":81,"column":2}},"4":{"start":{"line":7,"column":18},"end":{"line":7,"column":47}},"5":{"start":{"line":8,"column":2},"end":{"line":8,"column":29}},"6":{"start":{"line":10,"column":2},"end":{"line":80,"column":3}},"7":{"start":{"line":11,"column":22},"end":{"line":11,"column":30}},"8":{"start":{"line":12,"column":23},"end":{"line":12,"column":35}},"9":{"start":{"line":14,"column":4},"end":{"line":16,"column":5}},"10":{"start":{"line":15,"column":6},"end":{"line":15,"column":72}},"11":{"start":{"line":18,"column":25},"end":{"line":18,"column":27}},"12":{"start":{"line":19,"column":22},"end":{"line":19,"column":23}},"13":{"start":{"line":21,"column":4},"end":{"line":49,"column":5}},"14":{"start":{"line":22,"column":22},"end":{"line":22,"column":77}},"15":{"start":{"line":23,"column":6},"end":{"line":28,"column":7}},"16":{"start":{"line":24,"column":8},"end":{"line":24,"column":41}},"17":{"start":{"line":25,"column":8},"end":{"line":27,"column":73}},"18":{"start":{"line":30,"column":6},"end":{"line":30,"column":37}},"19":{"start":{"line":31,"column":6},"end":{"line":31,"column":38}},"20":{"start":{"line":34,"column":6},"end":{"line":40,"column":7}},"21":{"start":{"line":35,"column":8},"end":{"line":39,"column":10}},"22":{"start":{"line":41,"column":6},"end":{"line":45,"column":9}},"23":{"start":{"line":46,"column":6},"end":{"line":47,"column":38}},"24":{"start":{"line":48,"column":6},"end":{"line":48,"column":51}},"25":{"start":{"line":52,"column":24},"end":{"line":57,"column":6}},"26":{"start":{"line":59,"column":4},"end":{"line":59,"column":40}},"27":{"start":{"line":62,"column":4},"end":{"line":71,"column":5}},"28":{"start":{"line":63,"column":23},"end":{"line":69,"column":8}},"29":{"start":{"line":70,"column":6},"end":{"line":70,"column":39}},"30":{"start":{"line":73,"column":4},"end":{"line":73,"column":38}},"31":{"start":{"line":74,"column":4},"end":{"line":74,"column":80}},"32":{"start":{"line":76,"column":4},"end":{"line":76,"column":37}},"33":{"start":{"line":77,"column":4},"end":{"line":77,"column":76}},"34":{"start":{"line":79,"column":4},"end":{"line":79,"column":25}},"35":{"start":{"line":84,"column":0},"end":{"line":93,"column":2}},"36":{"start":{"line":85,"column":2},"end":{"line":92,"column":3}},"37":{"start":{"line":86,"column":19},"end":{"line":88,"column":5}},"38":{"start":{"line":89,"column":4},"end":{"line":89,"column":21}},"39":{"start":{"line":91,"column":4},"end":{"line":91,"column":76}},"40":{"start":{"line":96,"column":0},"end":{"line":108,"column":2}},"41":{"start":{"line":97,"column":2},"end":{"line":107,"column":3}},"42":{"start":{"line":98,"column":4},"end":{"line":99,"column":64}},"43":{"start":{"line":99,"column":6},"end":{"line":99,"column":64}},"44":{"start":{"line":101,"column":19},"end":{"line":103,"column":5}},"45":{"start":{"line":104,"column":4},"end":{"line":104,"column":21}},"46":{"start":{"line":106,"column":4},"end":{"line":106,"column":76}},"47":{"start":{"line":111,"column":0},"end":{"line":126,"column":2}},"48":{"start":{"line":112,"column":2},"end":{"line":125,"column":3}},"49":{"start":{"line":113,"column":18},"end":{"line":113,"column":53}},"50":{"start":{"line":114,"column":4},"end":{"line":114,"column":76}},"51":{"start":{"line":114,"column":16},"end":{"line":114,"column":76}},"52":{"start":{"line":116,"column":4},"end":{"line":118,"column":5}},"53":{"start":{"line":117,"column":6},"end":{"line":117,"column":63}},"54":{"start":{"line":120,"column":4},"end":{"line":120,"column":31}},"55":{"start":{"line":121,"column":4},"end":{"line":121,"column":23}},"56":{"start":{"line":122,"column":4},"end":{"line":122,"column":45}},"57":{"start":{"line":124,"column":4},"end":{"line":124,"column":76}}},"fnMap":{"0":{"name":"(anonymous_0)","decl":{"start":{"line":6,"column":21},"end":{"line":6,"column":22}},"loc":{"start":{"line":6,"column":41},"end":{"line":81,"column":1}},"line":6},"1":{"name":"(anonymous_1)","decl":{"start":{"line":84,"column":28},"end":{"line":84,"column":29}},"loc":{"start":{"line":84,"column":48},"end":{"line":93,"column":1}},"line":84},"2":{"name":"(anonymous_2)","decl":{"start":{"line":96,"column":26},"end":{"line":96,"column":27}},"loc":{"start":{"line":96,"column":46},"end":{"line":108,"column":1}},"line":96},"3":{"name":"(anonymous_3)","decl":{"start":{"line":111,"column":23},"end":{"line":111,"column":24}},"loc":{"start":{"line":111,"column":43},"end":{"line":126,"column":1}},"line":111}},"branchMap":{"0":{"loc":{"start":{"line":14,"column":4},"end":{"line":16,"column":5}},"type":"if","locations":[{"start":{"line":14,"column":4},"end":{"line":16,"column":5}},{"start":{},"end":{}}],"line":14},"1":{"loc":{"start":{"line":14,"column":8},"end":{"line":14,"column":36}},"type":"binary-expr","locations":[{"start":{"line":14,"column":8},"end":{"line":14,"column":14}},{"start":{"line":14,"column":18},"end":{"line":14,"column":36}}],"line":14},"2":{"loc":{"start":{"line":23,"column":6},"end":{"line":28,"column":7}},"type":"if","locations":[{"start":{"line":23,"column":6},"end":{"line":28,"column":7}},{"start":{},"end":{}}],"line":23},"3":{"loc":{"start":{"line":23,"column":10},"end":{"line":23,"column":51}},"type":"binary-expr","locations":[{"start":{"line":23,"column":10},"end":{"line":23,"column":18}},{"start":{"line":23,"column":22},"end":{"line":23,"column":51}}],"line":23},"4":{"loc":{"start":{"line":34,"column":6},"end":{"line":40,"column":7}},"type":"if","locations":[{"start":{"line":34,"column":6},"end":{"line":40,"column":7}},{"start":{},"end":{}}],"line":34},"5":{"loc":{"start":{"line":98,"column":4},"end":{"line":99,"column":64}},"type":"if","locations":[{"start":{"line":98,"column":4},"end":{"line":99,"column":64}},{"start":{},"end":{}}],"line":98},"6":{"loc":{"start":{"line":114,"column":4},"end":{"line":114,"column":76}},"type":"if","locations":[{"start":{"line":114,"column":4},"end":{"line":114,"column":76}},{"start":{},"end":{}}],"line":114},"7":{"loc":{"start":{"line":116,"column":4},"end":{"line":118,"column":5}},"type":"if","locations":[{"start":{"line":116,"column":4},"end":{"line":118,"column":5}},{"start":{},"end":{}}],"line":116}},"s":{"0":1,"1":1,"2":1,"3":1,"4":0,"5":0,"6":0,"7":0,"8":0,"9":0,"10":0,"11":0,"12":0,"13":0,"14":0,"15":0,"16":0,"17":0,"18":0,"19":0,"20":0,"21":0,"22":0,"23":0,"24":0,"25":0,"26":0,"27":0,"28":0,"29":0,"30":0,"31":0,"32":0,"33":0,"34":0,"35":1,"36":0,"37":0,"38":0,"39":0,"40":1,"41":0,"42":0,"43":0,"44":0,"45":0,"46":0,"47":1,"48":0,"49":0,"50":0,"51":0,"52":0,"53":0,"54":0,"55":0,"56":0,"57":0},"f":{"0":0,"1":0,"2":0,"3":0},"b":{"0":[0,0],"1":[0,0],"2":[0,0],"3":[0,0],"4":[0,0],"5":[0,0],"6":[0,0],"7":[0,0]},"_coverageSchema":"1a1c01bbd47fc00a2c39e90264f33305004495a9","hash":"d894449ec62403660ad257f73d5936ac962fa9fe"}
,"C:\\Users\\Ajay\\Desktop\\Course Material\\projects\\multi-vendor-order-management\\controllers\\productController.js": {"path":"C:\\Users\\Ajay\\Desktop\\Course Material\\projects\\multi-vendor-order-management\\controllers\\productController.js","statementMap":{"0":{"start":{"line":1,"column":16},"end":{"line":1,"column":44}},"1":{"start":{"line":4,"column":0},"end":{"line":18,"column":2}},"2":{"start":{"line":5,"column":2},"end":{"line":17,"column":3}},"3":{"start":{"line":6,"column":4},"end":{"line":7,"column":64}},"4":{"start":{"line":7,"column":6},"end":{"line":7,"column":64}},"5":{"start":{"line":9,"column":20},"end":{"line":12,"column":6}},"6":{"start":{"line":14,"column":4},"end":{"line":14,"column":66}},"7":{"start":{"line":16,"column":4},"end":{"line":16,"column":76}},"8":{"start":{"line":21,"column":0},"end":{"line":28,"column":2}},"9":{"start":{"line":22,"column":2},"end":{"line":27,"column":3}},"10":{"start":{"line":23,"column":21},"end":{"line":23,"column":41}},"11":{"start":{"line":24,"column":4},"end":{"line":24,"column":23}},"12":{"start":{"line":26,"column":4},"end":{"line":26,"column":76}},"13":{"start":{"line":31,"column":0},"end":{"line":41,"column":2}},"14":{"start":{"line":32,"column":2},"end":{"line":40,"column":3}},"15":{"start":{"line":33,"column":4},"end":{"line":34,"column":64}},"16":{"start":{"line":34,"column":6},"end":{"line":34,"column":64}},"17":{"start":{"line":36,"column":21},"end":{"line":36,"column":67}},"18":{"start":{"line":37,"column":4},"end":{"line":37,"column":23}},"19":{"start":{"line":39,"column":4},"end":{"line":39,"column":76}},"20":{"start":{"line":44,"column":0},"end":{"line":61,"column":2}},"21":{"start":{"line":45,"column":2},"end":{"line":60,"column":3}},"22":{"start":{"line":46,"column":4},"end":{"line":47,"column":64}},"23":{"start":{"line":47,"column":6},"end":{"line":47,"column":64}},"24":{"start":{"line":49,"column":20},"end":{"line":49,"column":57}},"25":{"start":{"line":50,"column":4},"end":{"line":50,"column":80}},"26":{"start":{"line":50,"column":18},"end":{"line":50,"column":80}},"27":{"start":{"line":52,"column":4},"end":{"line":53,"column":63}},"28":{"start":{"line":53,"column":6},"end":{"line":53,"column":63}},"29":{"start":{"line":55,"column":4},"end":{"line":55,"column":76}},"30":{"start":{"line":57,"column":4},"end":{"line":57,"column":58}},"31":{"start":{"line":59,"column":4},"end":{"line":59,"column":76}},"32":{"start":{"line":64,"column":0},"end":{"line":80,"column":2}},"33":{"start":{"line":65,"column":2},"end":{"line":79,"column":3}},"34":{"start":{"line":66,"column":4},"end":{"line":67,"column":64}},"35":{"start":{"line":67,"column":6},"end":{"line":67,"column":64}},"36":{"start":{"line":69,"column":20},"end":{"line":69,"column":57}},"37":{"start":{"line":70,"column":4},"end":{"line":70,"column":80}},"38":{"start":{"line":70,"column":18},"end":{"line":70,"column":80}},"39":{"start":{"line":72,"column":4},"end":{"line":73,"column":63}},"40":{"start":{"line":73,"column":6},"end":{"line":73,"column":63}},"41":{"start":{"line":75,"column":4},"end":{"line":75,"column":51}},"42":{"start":{"line":76,"column":4},"end":{"line":76,"column":58}},"43":{"start":{"line":78,"column":4},"end":{"line":78,"column":76}}},"fnMap":{"0":{"name":"(anonymous_0)","decl":{"start":{"line":4,"column":24},"end":{"line":4,"column":25}},"loc":{"start":{"line":4,"column":44},"end":{"line":18,"column":1}},"line":4},"1":{"name":"(anonymous_1)","decl":{"start":{"line":21,"column":22},"end":{"line":21,"column":23}},"loc":{"start":{"line":21,"column":42},"end":{"line":28,"column":1}},"line":21},"2":{"name":"(anonymous_2)","decl":{"start":{"line":31,"column":28},"end":{"line":31,"column":29}},"loc":{"start":{"line":31,"column":48},"end":{"line":41,"column":1}},"line":31},"3":{"name":"(anonymous_3)","decl":{"start":{"line":44,"column":24},"end":{"line":44,"column":25}},"loc":{"start":{"line":44,"column":44},"end":{"line":61,"column":1}},"line":44},"4":{"name":"(anonymous_4)","decl":{"start":{"line":64,"column":24},"end":{"line":64,"column":25}},"loc":{"start":{"line":64,"column":44},"end":{"line":80,"column":1}},"line":64}},"branchMap":{"0":{"loc":{"start":{"line":6,"column":4},"end":{"line":7,"column":64}},"type":"if","locations":[{"start":{"line":6,"column":4},"end":{"line":7,"column":64}},{"start":{},"end":{}}],"line":6},"1":{"loc":{"start":{"line":33,"column":4},"end":{"line":34,"column":64}},"type":"if","locations":[{"start":{"line":33,"column":4},"end":{"line":34,"column":64}},{"start":{},"end":{}}],"line":33},"2":{"loc":{"start":{"line":46,"column":4},"end":{"line":47,"column":64}},"type":"if","locations":[{"start":{"line":46,"column":4},"end":{"line":47,"column":64}},{"start":{},"end":{}}],"line":46},"3":{"loc":{"start":{"line":50,"column":4},"end":{"line":50,"column":80}},"type":"if","locations":[{"start":{"line":50,"column":4},"end":{"line":50,"column":80}},{"start":{},"end":{}}],"line":50},"4":{"loc":{"start":{"line":52,"column":4},"end":{"line":53,"column":63}},"type":"if","locations":[{"start":{"line":52,"column":4},"end":{"line":53,"column":63}},{"start":{},"end":{}}],"line":52},"5":{"loc":{"start":{"line":66,"column":4},"end":{"line":67,"column":64}},"type":"if","locations":[{"start":{"line":66,"column":4},"end":{"line":67,"column":64}},{"start":{},"end":{}}],"line":66},"6":{"loc":{"start":{"line":70,"column":4},"end":{"line":70,"column":80}},"type":"if","locations":[{"start":{"line":70,"column":4},"end":{"line":70,"column":80}},{"start":{},"end":{}}],"line":70},"7":{"loc":{"start":{"line":72,"column":4},"end":{"line":73,"column":63}},"type":"if","locations":[{"start":{"line":72,"column":4},"end":{"line":73,"column":63}},{"start":{},"end":{}}],"line":72}},"s":{"0":1,"1":1,"2":0,"3":0,"4":0,"5":0,"6":0,"7":0,"8":1,"9":0,"10":0,"11":0,"12":0,"13":1,"14":0,"15":0,"16":0,"17":0,"18":0,"19":0,"20":1,"21":0,"22":0,"23":0,"24":0,"25":0,"26":0,"27":0,"28":0,"29":0,"30":0,"31":0,"32":1,"33":0,"34":0,"35":0,"36":0,"37":0,"38":0,"39":0,"40":0,"41":0,"42":0,"43":0},"f":{"0":0,"1":0,"2":0,"3":0,"4":0},"b":{"0":[0,0],"1":[0,0],"2":[0,0],"3":[0,0],"4":[0,0],"5":[0,0],"6":[0,0],"7":[0,0]},"_coverageSchema":"1a1c01bbd47fc00a2c39e90264f33305004495a9","hash":"0bdabc3a6cebf2112ba22246f4f6b7cb38070405"}
,"C:\\Users\\Ajay\\Desktop\\Course Material\\projects\\multi-vendor-order-management\\middleware\\authMiddleware.js": {"path":"C:\\Users\\Ajay\\Desktop\\Course Material\\projects\\multi-vendor-order-management\\middleware\\authMiddleware.js","statementMap":{"0":{"start":{"line":1,"column":12},"end":{"line":1,"column":35}},"1":{"start":{"line":2,"column":13},"end":{"line":2,"column":38}},"2":{"start":{"line":3,"column":0},"end":{"line":3,"column":27}},"3":{"start":{"line":6,"column":0},"end":{"line":24,"column":2}},"4":{"start":{"line":8,"column":2},"end":{"line":13,"column":3}},"5":{"start":{"line":12,"column":4},"end":{"line":12,"column":52}},"6":{"start":{"line":14,"column":2},"end":{"line":15,"column":73}},"7":{"start":{"line":15,"column":4},"end":{"line":15,"column":73}},"8":{"start":{"line":17,"column":2},"end":{"line":23,"column":3}},"9":{"start":{"line":18,"column":20},"end":{"line":18,"column":61}},"10":{"start":{"line":19,"column":4},"end":{"line":19,"column":67}},"11":{"start":{"line":20,"column":4},"end":{"line":20,"column":11}},"12":{"start":{"line":22,"column":4},"end":{"line":22,"column":55}},"13":{"start":{"line":26,"column":0},"end":{"line":33,"column":2}},"14":{"start":{"line":27,"column":2},"end":{"line":32,"column":4}},"15":{"start":{"line":28,"column":4},"end":{"line":30,"column":5}},"16":{"start":{"line":29,"column":6},"end":{"line":29,"column":64}},"17":{"start":{"line":31,"column":4},"end":{"line":31,"column":11}}},"fnMap":{"0":{"name":"(anonymous_0)","decl":{"start":{"line":6,"column":18},"end":{"line":6,"column":19}},"loc":{"start":{"line":6,"column":44},"end":{"line":24,"column":1}},"line":6},"1":{"name":"(anonymous_1)","decl":{"start":{"line":26,"column":21},"end":{"line":26,"column":22}},"loc":{"start":{"line":26,"column":35},"end":{"line":33,"column":1}},"line":26},"2":{"name":"(anonymous_2)","decl":{"start":{"line":27,"column":9},"end":{"line":27,"column":10}},"loc":{"start":{"line":27,"column":29},"end":{"line":32,"column":3}},"line":27}},"branchMap":{"0":{"loc":{"start":{"line":8,"column":2},"end":{"line":13,"column":3}},"type":"if","locations":[{"start":{"line":8,"column":2},"end":{"line":13,"column":3}},{"start":{},"end":{}}],"line":8},"1":{"loc":{"start":{"line":9,"column":4},"end":{"line":10,"column":50}},"type":"binary-expr","locations":[{"start":{"line":9,"column":4},"end":{"line":9,"column":29}},{"start":{"line":10,"column":4},"end":{"line":10,"column":50}}],"line":9},"2":{"loc":{"start":{"line":14,"column":2},"end":{"line":15,"column":73}},"type":"if","locations":[{"start":{"line":14,"column":2},"end":{"line":15,"column":73}},{"start":{},"end":{}}],"line":14},"3":{"loc":{"start":{"line":28,"column":4},"end":{"line":30,"column":5}},"type":"if","locations":[{"start":{"line":28,"column":4},"end":{"line":30,"column":5}},{"start":{},"end":{}}],"line":28}},"s":{"0":1,"1":1,"2":1,"3":1,"4":0,"5":0,"6":0,"7":0,"8":0,"9":0,"10":0,"11":0,"12":0,"13":1,"14":0,"15":0,"16":0,"17":0},"f":{"0":0,"1":0,"2":0},"b":{"0":[0,0],"1":[0,0],"2":[0,0],"3":[0,0]},"_coverageSchema":"1a1c01bbd47fc00a2c39e90264f33305004495a9","hash":"f67f1e09a9d66e4381bd15e9f239d4958eab694a"}
,"C:\\Users\\Ajay\\Desktop\\Course Material\\projects\\multi-vendor-order-management\\middleware\\validationMiddleware.js": {"path":"C:\\Users\\Ajay\\Desktop\\Course Material\\projects\\multi-vendor-order-management\\middleware\\validationMiddleware.js","statementMap":{"0":{"start":{"line":1,"column":14},"end":{"line":1,"column":28}},"1":{"start":{"line":3,"column":22},"end":{"line":8,"column":2}},"2":{"start":{"line":10,"column":0},"end":{"line":17,"column":2}},"3":{"start":{"line":11,"column":2},"end":{"line":16,"column":3}},"4":{"start":{"line":12,"column":4},"end":{"line":12,"column":34}},"5":{"start":{"line":13,"column":4},"end":{"line":13,"column":11}},"6":{"start":{"line":15,"column":4},"end":{"line":15,"column":59}}},"fnMap":{"0":{"name":"(anonymous_0)","decl":{"start":{"line":10,"column":26},"end":{"line":10,"column":27}},"loc":{"start":{"line":10,"column":46},"end":{"line":17,"column":1}},"line":10}},"branchMap":{},"s":{"0":1,"1":1,"2":1,"3":0,"4":0,"5":0,"6":0},"f":{"0":0},"b":{},"_coverageSchema":"1a1c01bbd47fc00a2c39e90264f33305004495a9","hash":"d7c65691ecd85c507cb9e62904a69c0bdcfff8b8"}
,"C:\\Users\\Ajay\\Desktop\\Course Material\\projects\\multi-vendor-order-management\\models\\Order.js": {"path":"C:\\Users\\Ajay\\Desktop\\Course Material\\projects\\multi-vendor-order-management\\models\\Order.js","statementMap":{"0":{"start":{"line":1,"column":17},"end":{"line":1,"column":36}},"1":{"start":{"line":3,"column":20},"end":{"line":32,"column":1}},"2":{"start":{"line":34,"column":0},"end":{"line":34,"column":54}}},"fnMap":{},"branchMap":{},"s":{"0":1,"1":1,"2":1},"f":{},"b":{},"_coverageSchema":"1a1c01bbd47fc00a2c39e90264f33305004495a9","hash":"dedc3b3a91fb6331cf172e640444583a76a77278"}
,"C:\\Users\\Ajay\\Desktop\\Course Material\\projects\\multi-vendor-order-management\\models\\Product.js": {"path":"C:\\Users\\Ajay\\Desktop\\Course Material\\projects\\multi-vendor-order-management\\models\\Product.js","statementMap":{"0":{"start":{"line":1,"column":17},"end":{"line":1,"column":36}},"1":{"start":{"line":3,"column":22},"end":{"line":16,"column":1}},"2":{"start":{"line":18,"column":0},"end":{"line":18,"column":58}}},"fnMap":{},"branchMap":{},"s":{"0":1,"1":1,"2":1},"f":{},"b":{},"_coverageSchema":"1a1c01bbd47fc00a2c39e90264f33305004495a9","hash":"5acd13adebeb0bc8ae825bdafbf939df554403f8"}
,"C:\\Users\\Ajay\\Desktop\\Course Material\\projects\\multi-vendor-order-management\\models\\User.js": {"path":"C:\\Users\\Ajay\\Desktop\\Course Material\\projects\\multi-vendor-order-management\\models\\User.js","statementMap":{"0":{"start":{"line":1,"column":17},"end":{"line":1,"column":36}},"1":{"start":{"line":2,"column":15},"end":{"line":2,"column":32}},"2":{"start":{"line":4,"column":19},"end":{"line":16,"column":1}},"3":{"start":{"line":19,"column":0},"end":{"line":24,"column":3}},"4":{"start":{"line":20,"column":2},"end":{"line":20,"column":50}},"5":{"start":{"line":20,"column":36},"end":{"line":20,"column":50}},"6":{"start":{"line":21,"column":15},"end":{"line":21,"column":39}},"7":{"start":{"line":22,"column":2},"end":{"line":22,"column":57}},"8":{"start":{"line":23,"column":2},"end":{"line":23,"column":9}},"9":{"start":{"line":27,"column":0},"end":{"line":29,"column":2}},"10":{"start":{"line":28,"column":2},"end":{"line":28,"column":62}},"11":{"start":{"line":31,"column":0},"end":{"line":31,"column":52}}},"fnMap":{"0":{"name":"(anonymous_0)","decl":{"start":{"line":19,"column":23},"end":{"line":19,"column":24}},"loc":{"start":{"line":19,"column":45},"end":{"line":24,"column":1}},"line":19},"1":{"name":"(anonymous_1)","decl":{"start":{"line":27,"column":35},"end":{"line":27,"column":36}},"loc":{"start":{"line":27,"column":68},"end":{"line":29,"column":1}},"line":27}},"branchMap":{"0":{"loc":{"start":{"line":20,"column":2},"end":{"line":20,"column":50}},"type":"if","locations":[{"start":{"line":20,"column":2},"end":{"line":20,"column":50}},{"start":{},"end":{}}],"line":20}},"s":{"0":1,"1":1,"2":1,"3":1,"4":0,"5":0,"6":0,"7":0,"8":0,"9":1,"10":0,"11":1},"f":{"0":0,"1":0},"b":{"0":[0,0]},"_coverageSchema":"1a1c01bbd47fc00a2c39e90264f33305004495a9","hash":"4b023dafa62d038a4f25fe0bbe2800a892c5ee44"}
,"C:\\Users\\Ajay\\Desktop\\Course Material\\projects\\multi-vendor-order-management\\routes\\analyticsRoutes.js": {"path":"C:\\Users\\Ajay\\Desktop\\Course Material\\projects\\multi-vendor-order-management\\routes\\analyticsRoutes.js","statementMap":{"0":{"start":{"line":1,"column":16},"end":{"line":1,"column":34}},"1":{"start":{"line":2,"column":20},"end":{"line":2,"column":59}},"2":{"start":{"line":9,"column":4},"end":{"line":9,"column":49}},"3":{"start":{"line":11,"column":15},"end":{"line":11,"column":31}},"4":{"start":{"line":14,"column":0},"end":{"line":14,"column":59}},"5":{"start":{"line":15,"column":0},"end":{"line":15,"column":59}},"6":{"start":{"line":16,"column":0},"end":{"line":16,"column":72}},"7":{"start":{"line":19,"column":0},"end":{"line":19,"column":53}},"8":{"start":{"line":20,"column":0},"end":{"line":20,"column":62}},"9":{"start":{"line":22,"column":0},"end":{"line":22,"column":24}}},"fnMap":{},"branchMap":{},"s":{"0":1,"1":1,"2":1,"3":1,"4":1,"5":1,"6":1,"7":1,"8":1,"9":1},"f":{},"b":{},"_coverageSchema":"1a1c01bbd47fc00a2c39e90264f33305004495a9","hash":"e72bace729028459a1b202c08506100d4922d8f1"}
,"C:\\Users\\Ajay\\Desktop\\Course Material\\projects\\multi-vendor-order-management\\routes\\authRoutes.js": {"path":"C:\\Users\\Ajay\\Desktop\\Course Material\\projects\\multi-vendor-order-management\\routes\\authRoutes.js","statementMap":{"0":{"start":{"line":1,"column":16},"end":{"line":1,"column":34}},"1":{"start":{"line":2,"column":28},"end":{"line":2,"column":68}},"2":{"start":{"line":4,"column":15},"end":{"line":4,"column":31}},"3":{"start":{"line":6,"column":0},"end":{"line":6,"column":35}},"4":{"start":{"line":7,"column":0},"end":{"line":7,"column":29}},"5":{"start":{"line":9,"column":0},"end":{"line":9,"column":24}}},"fnMap":{},"branchMap":{},"s":{"0":1,"1":1,"2":1,"3":1,"4":1,"5":1},"f":{},"b":{},"_coverageSchema":"1a1c01bbd47fc00a2c39e90264f33305004495a9","hash":"b9ab161dab1e614994025fb1d7b12643538356df"}
,"C:\\Users\\Ajay\\Desktop\\Course Material\\projects\\multi-vendor-order-management\\routes\\orderRoutes.js": {"path":"C:\\Users\\Ajay\\Desktop\\Course Material\\projects\\multi-vendor-order-management\\routes\\orderRoutes.js","statementMap":{"0":{"start":{"line":1,"column":16},"end":{"line":1,"column":34}},"1":{"start":{"line":2,"column":20},"end":{"line":2,"column":59}},"2":{"start":{"line":8,"column":4},"end":{"line":8,"column":45}},"3":{"start":{"line":10,"column":15},"end":{"line":10,"column":31}},"4":{"start":{"line":13,"column":0},"end":{"line":13,"column":38}},"5":{"start":{"line":14,"column":0},"end":{"line":14,"column":44}},"6":{"start":{"line":17,"column":0},"end":{"line":17,"column":48}},"7":{"start":{"line":18,"column":0},"end":{"line":18,"column":50}},"8":{"start":{"line":20,"column":0},"end":{"line":20,"column":24}}},"fnMap":{},"branchMap":{},"s":{"0":1,"1":1,"2":1,"3":1,"4":1,"5":1,"6":1,"7":1,"8":1},"f":{},"b":{},"_coverageSchema":"1a1c01bbd47fc00a2c39e90264f33305004495a9","hash":"a659c69c78d704d8666625a003a362d8781eca12"}
,"C:\\Users\\Ajay\\Desktop\\Course Material\\projects\\multi-vendor-order-management\\routes\\productRoutes.js": {"path":"C:\\Users\\Ajay\\Desktop\\Course Material\\projects\\multi-vendor-order-management\\routes\\productRoutes.js","statementMap":{"0":{"start":{"line":1,"column":16},"end":{"line":1,"column":34}},"1":{"start":{"line":2,"column":20},"end":{"line":2,"column":59}},"2":{"start":{"line":3,"column":28},"end":{"line":3,"column":73}},"3":{"start":{"line":10,"column":4},"end":{"line":10,"column":47}},"4":{"start":{"line":12,"column":15},"end":{"line":12,"column":31}},"5":{"start":{"line":15,"column":0},"end":{"line":15,"column":29}},"6":{"start":{"line":18,"column":0},"end":{"line":18,"column":58}},"7":{"start":{"line":19,"column":0},"end":{"line":19,"column":50}},"8":{"start":{"line":20,"column":0},"end":{"line":20,"column":60}},"9":{"start":{"line":21,"column":0},"end":{"line":21,"column":46}},"10":{"start":{"line":23,"column":0},"end":{"line":23,"column":24}}},"fnMap":{},"branchMap":{},"s":{"0":1,"1":1,"2":1,"3":1,"4":1,"5":1,"6":1,"7":1,"8":1,"9":1,"10":1},"f":{},"b":{},"_coverageSchema":"1a1c01bbd47fc00a2c39e90264f33305004495a9","hash":"ae0dcafec7621f55521373282245190eb83e2462"}
,"C:\\Users\\Ajay\\Desktop\\Course Material\\projects\\multi-vendor-order-management\\utils\\errorHandler.js": {"path":"C:\\Users\\Ajay\\Desktop\\Course Material\\projects\\multi-vendor-order-management\\utils\\errorHandler.js","statementMap":{"0":{"start":{"line":1,"column":21},"end":{"line":7,"column":1}},"1":{"start":{"line":2,"column":2},"end":{"line":2,"column":27}},"2":{"start":{"line":3,"column":2},"end":{"line":6,"column":5}},"3":{"start":{"line":9,"column":0},"end":{"line":9,"column":30}}},"fnMap":{"0":{"name":"(anonymous_0)","decl":{"start":{"line":1,"column":21},"end":{"line":1,"column":22}},"loc":{"start":{"line":1,"column":46},"end":{"line":7,"column":1}},"line":1}},"branchMap":{"0":{"loc":{"start":{"line":3,"column":13},"end":{"line":3,"column":34}},"type":"binary-expr","locations":[{"start":{"line":3,"column":13},"end":{"line":3,"column":27}},{"start":{"line":3,"column":31},"end":{"line":3,"column":34}}],"line":3},"1":{"loc":{"start":{"line":4,"column":13},"end":{"line":4,"column":42}},"type":"binary-expr","locations":[{"start":{"line":4,"column":13},"end":{"line":4,"column":24}},{"start":{"line":4,"column":28},"end":{"line":4,"column":42}}],"line":4},"2":{"loc":{"start":{"line":5,"column":11},"end":{"line":5,"column":73}},"type":"cond-expr","locations":[{"start":{"line":5,"column":52},"end":{"line":5,"column":61}},{"start":{"line":5,"column":64},"end":{"line":5,"column":73}}],"line":5}},"s":{"0":1,"1":0,"2":0,"3":1},"f":{"0":0},"b":{"0":[0,0],"1":[0,0],"2":[0,0]},"_coverageSchema":"1a1c01bbd47fc00a2c39e90264f33305004495a9","hash":"08af5d9f040b60777c9f41946ad507d67f427956"}
}
